# JRE version: OpenJDK Runtime Environment (8.0_242-b01) (build 1.8.0_242-release-1644-b01)
# Java VM: OpenJDK 64-Bit Server VM (25.242-b01 mixed mode windows-amd64 compressed oops)
Heap:
 PSYoungGen      total 224256K, used 179941K [0x00000000d5580000, 0x00000000e5380000, 0x0000000100000000)
  eden space 197632K, 77% used [0x00000000d5580000,0x00000000deb40520,0x00000000e1680000)
  from space 26624K, 99% used [0x00000000e1680000,0x00000000e3079268,0x00000000e3080000)
  to   space 23552K, 0% used [0x00000000e3080000,0x00000000e3080000,0x00000000e4780000)
 ParOldGen       total 151552K, used 35633K [0x0000000080000000, 0x0000000089400000, 0x00000000d5580000)
  object space 151552K, 23% used [0x0000000080000000,0x00000000822cc5f0,0x0000000089400000)
 Metaspace       used 78852K, capacity 82308K, committed 82520K, reserved 1120256K
  class space    used 10373K, capacity 11024K, committed 11136K, reserved 1048576K
GC Heap History (10 events):
Event: 27.410 GC heap before
{Heap before GC invocations=12 (full 2):
 PSYoungGen      total 157184K, used 74721K [0x00000000d5580000, 0x00000000e2200000, 0x0000000100000000)
  eden space 143360K, 42% used [0x00000000d5580000,0x00000000d90fba78,0x00000000de180000)
  from space 13824K, 99% used [0x00000000de180000,0x00000000deefcc60,0x00000000def00000)
  to   space 18944K, 0% used [0x00000000e0f80000,0x00000000e0f80000,0x00000000e2200000)
 ParOldGen       total 103936K, used 26138K [0x0000000080000000, 0x0000000086580000, 0x00000000d5580000)
  object space 103936K, 25% used [0x0000000080000000,0x0000000081986b08,0x0000000086580000)
 Metaspace       used 56746K, capacity 58934K, committed 59028K, reserved 1099776K
  class space    used 7690K, capacity 8124K, committed 8192K, reserved 1048576K
Event: 27.493 GC heap after
Heap after GC invocations=12 (full 2):
 PSYoungGen      total 186880K, used 18931K [0x00000000d5580000, 0x00000000e2f00000, 0x0000000100000000)
  eden space 167936K, 0% used [0x00000000d5580000,0x00000000d5580000,0x00000000df980000)
  from space 18944K, 99% used [0x00000000e0f80000,0x00000000e21fcc40,0x00000000e2200000)
  to   space 22528K, 0% used [0x00000000df980000,0x00000000df980000,0x00000000e0f80000)
 ParOldGen       total 103936K, used 27624K [0x0000000080000000, 0x0000000086580000, 0x00000000d5580000)
  object space 103936K, 26% used [0x0000000080000000,0x0000000081afa088,0x0000000086580000)
 Metaspace       used 56746K, capacity 58934K, committed 59028K, reserved 1099776K
  class space    used 7690K, capacity 8124K, committed 8192K, reserved 1048576K
}
Event: 27.493 GC heap before
{Heap before GC invocations=13 (full 3):
 PSYoungGen      total 186880K, used 18931K [0x00000000d5580000, 0x00000000e2f00000, 0x0000000100000000)
  eden space 167936K, 0% used [0x00000000d5580000,0x00000000d5580000,0x00000000df980000)
  from space 18944K, 99% used [0x00000000e0f80000,0x00000000e21fcc40,0x00000000e2200000)
  to   space 22528K, 0% used [0x00000000df980000,0x00000000df980000,0x00000000e0f80000)
 ParOldGen       total 103936K, used 27624K [0x0000000080000000, 0x0000000086580000, 0x00000000d5580000)
  object space 103936K, 26% used [0x0000000080000000,0x0000000081afa088,0x0000000086580000)
 Metaspace       used 56746K, capacity 58934K, committed 59028K, reserved 1099776K
  class space    used 7690K, capacity 8124K, committed 8192K, reserved 1048576K
Event: 27.999 GC heap after
Heap after GC invocations=13 (full 3):
 PSYoungGen      total 186880K, used 0K [0x00000000d5580000, 0x00000000e2f00000, 0x0000000100000000)
  eden space 167936K, 0% used [0x00000000d5580000,0x00000000d5580000,0x00000000df980000)
  from space 18944K, 0% used [0x00000000e0f80000,0x00000000e0f80000,0x00000000e2200000)
  to   space 22528K, 0% used [0x00000000df980000,0x00000000df980000,0x00000000e0f80000)
 ParOldGen       total 151552K, used 32930K [0x0000000080000000, 0x0000000089400000, 0x00000000d5580000)
  object space 151552K, 21% used [0x0000000080000000,0x0000000082028bf0,0x0000000089400000)
 Metaspace       used 56725K, capacity 58862K, committed 59028K, reserved 1099776K
  class space    used 7683K, capacity 8112K, committed 8192K, reserved 1048576K
}
Event: 35.104 GC heap before
{Heap before GC invocations=14 (full 3):
 PSYoungGen      total 186880K, used 167936K [0x00000000d5580000, 0x00000000e2f00000, 0x0000000100000000)
  eden space 167936K, 100% used [0x00000000d5580000,0x00000000df980000,0x00000000df980000)
  from space 18944K, 0% used [0x00000000e0f80000,0x00000000e0f80000,0x00000000e2200000)
  to   space 22528K, 0% used [0x00000000df980000,0x00000000df980000,0x00000000e0f80000)
 ParOldGen       total 151552K, used 32930K [0x0000000080000000, 0x0000000089400000, 0x00000000d5580000)
  object space 151552K, 21% used [0x0000000080000000,0x0000000082028bf0,0x0000000089400000)
 Metaspace       used 65858K, capacity 68834K, committed 69080K, reserved 1107968K
  class space    used 9068K, capacity 9657K, committed 9728K, reserved 1048576K
Event: 35.129 GC heap after
Heap after GC invocations=14 (full 3):
 PSYoungGen      total 190464K, used 16803K [0x00000000d5580000, 0x00000000e4780000, 0x0000000100000000)
  eden space 167936K, 0% used [0x00000000d5580000,0x00000000d5580000,0x00000000df980000)
  from space 22528K, 74% used [0x00000000df980000,0x00000000e09e8d18,0x00000000e0f80000)
  to   space 23552K, 0% used [0x00000000e3080000,0x00000000e3080000,0x00000000e4780000)
 ParOldGen       total 151552K, used 32938K [0x0000000080000000, 0x0000000089400000, 0x00000000d5580000)
  object space 151552K, 21% used [0x0000000080000000,0x000000008202abf0,0x0000000089400000)
 Metaspace       used 65858K, capacity 68834K, committed 69080K, reserved 1107968K
  class space    used 9068K, capacity 9657K, committed 9728K, reserved 1048576K
}
Event: 40.528 GC heap before
{Heap before GC invocations=15 (full 3):
 PSYoungGen      total 190464K, used 184739K [0x00000000d5580000, 0x00000000e4780000, 0x0000000100000000)
  eden space 167936K, 100% used [0x00000000d5580000,0x00000000df980000,0x00000000df980000)
  from space 22528K, 74% used [0x00000000df980000,0x00000000e09e8d18,0x00000000e0f80000)
  to   space 23552K, 0% used [0x00000000e3080000,0x00000000e3080000,0x00000000e4780000)
 ParOldGen       total 151552K, used 32938K [0x0000000080000000, 0x0000000089400000, 0x00000000d5580000)
  object space 151552K, 21% used [0x0000000080000000,0x000000008202abf0,0x0000000089400000)
 Metaspace       used 70740K, capacity 73784K, committed 73944K, reserved 1114112K
  class space    used 9628K, capacity 10222K, committed 10240K, reserved 1048576K
Event: 40.663 GC heap after
Heap after GC invocations=15 (full 3):
 PSYoungGen      total 221184K, used 23399K [0x00000000d5580000, 0x00000000e5380000, 0x0000000100000000)
  eden space 197632K, 0% used [0x00000000d5580000,0x00000000d5580000,0x00000000e1680000)
  from space 23552K, 99% used [0x00000000e3080000,0x00000000e4759e70,0x00000000e4780000)
  to   space 26624K, 0% used [0x00000000e1680000,0x00000000e1680000,0x00000000e3080000)
 ParOldGen       total 151552K, used 32946K [0x0000000080000000, 0x0000000089400000, 0x00000000d5580000)
  object space 151552K, 21% used [0x0000000080000000,0x000000008202cbf0,0x0000000089400000)
 Metaspace       used 70740K, capacity 73784K, committed 73944K, reserved 1114112K
  class space    used 9628K, capacity 10222K, committed 10240K, reserved 1048576K
}
Event: 1939.662 GC heap before
{Heap before GC invocations=16 (full 3):
 PSYoungGen      total 221184K, used 221031K [0x00000000d5580000, 0x00000000e5380000, 0x0000000100000000)
  eden space 197632K, 100% used [0x00000000d5580000,0x00000000e1680000,0x00000000e1680000)
  from space 23552K, 99% used [0x00000000e3080000,0x00000000e4759e70,0x00000000e4780000)
  to   space 26624K, 0% used [0x00000000e1680000,0x00000000e1680000,0x00000000e3080000)
 ParOldGen       total 151552K, used 32946K [0x0000000080000000, 0x0000000089400000, 0x00000000d5580000)
  object space 151552K, 21% used [0x0000000080000000,0x000000008202cbf0,0x0000000089400000)
 Metaspace       used 75489K, capacity 78806K, committed 78936K, reserved 1118208K
  class space    used 9982K, capacity 10619K, committed 10624K, reserved 1048576K
Event: 1939.838 GC heap after
Heap after GC invocations=16 (full 3):
 PSYoungGen      total 224256K, used 26596K [0x00000000d5580000, 0x00000000e5380000, 0x0000000100000000)
  eden space 197632K, 0% used [0x00000000d5580000,0x00000000d5580000,0x00000000e1680000)
  from space 26624K, 99% used [0x00000000e1680000,0x00000000e3079268,0x00000000e3080000)
  to   space 23552K, 0% used [0x00000000e3080000,0x00000000e3080000,0x00000000e4780000)
 ParOldGen       total 151552K, used 35633K [0x0000000080000000, 0x0000000089400000, 0x00000000d5580000)
  object space 151552K, 23% used [0x0000000080000000,0x00000000822cc5f0,0x0000000089400000)
 Metaspace       used 75489K, capacity 78806K, committed 78936K, reserved 1118208K
  class space    used 9982K, capacity 10619K, committed 10624K, reserved 1048576K
}

